c:\users\adria\dev\ray-tracer\x64\release\vc142.pdb
c:\users\adria\dev\ray-tracer\x64\release\sceneobject.obj
c:\users\adria\dev\ray-tracer\x64\release\sceneloader.obj
c:\users\adria\dev\ray-tracer\x64\release\vector.obj
c:\users\adria\dev\ray-tracer\x64\release\scene.obj
c:\users\adria\dev\ray-tracer\x64\release\sandbox.obj
c:\users\adria\dev\ray-tracer\x64\release\scenerenderer.obj
c:\users\adria\dev\ray-tracer\x64\release\camera.obj
c:\users\adria\dev\ray-tracer\x64\release\ray.obj
c:\users\adria\dev\ray-tracer\x64\release\matrix.obj
c:\users\adria\dev\ray-tracer\x64\release\main.obj
c:\users\adria\dev\ray-tracer\x64\release\boundingbox.obj
c:\users\adria\dev\ray-tracer\x64\release\entrypoint.obj
c:\users\adria\dev\ray-tracer\x64\release\application.obj
c:\users\adria\dev\ray-tracer\x64\release\ray-tracer.exe
c:\users\adria\dev\ray-tracer\x64\release\ray-tracer.pdb
c:\users\adria\dev\ray-tracer\x64\release\ray-tracer.ipdb
c:\users\adria\dev\ray-tracer\x64\release\ray-tracer.iobj
c:\users\adria\dev\ray-tracer\x64\release\ray-tracer.tlog\cl.command.1.tlog
c:\users\adria\dev\ray-tracer\x64\release\ray-tracer.tlog\cl.read.1.tlog
c:\users\adria\dev\ray-tracer\x64\release\ray-tracer.tlog\cl.write.1.tlog
c:\users\adria\dev\ray-tracer\x64\release\ray-tracer.tlog\link.command.1.tlog
c:\users\adria\dev\ray-tracer\x64\release\ray-tracer.tlog\link.read.1.tlog
c:\users\adria\dev\ray-tracer\x64\release\ray-tracer.tlog\link.write.1.tlog
c:\users\adria\dev\ray-tracer\x64\release\ray-tracer.tlog\ray-tracer.write.1u.tlog
