  Application.cpp
  EntryPoint.cpp
  BoundingBox.cpp
  Main.cpp
C:\Users\adria\Dev\Ray-Tracer\src\Core\Utility.h(9,67): warning C4305: 'argument': truncation from 'double' to 'const float'
C:\Users\adria\Dev\Ray-Tracer\src\Core\Utility.h(10,25): warning C4244: 'initializing': conversion from 'double' to 'float', possible loss of data
C:\Users\adria\Dev\Ray-Tracer\src\Main.cpp(296,22): warning C4056: overflow in floating-point constant arithmetic
  Matrix.cpp
  Ray.cpp
  Camera.cpp
  SceneRenderer.cpp
C:\Users\adria\Dev\Ray-Tracer\src\Core\Utility.h(9,67): warning C4305: 'argument': truncation from 'double' to 'const float'
C:\Users\adria\Dev\Ray-Tracer\src\Core\Utility.h(10,25): warning C4244: 'initializing': conversion from 'double' to 'float', possible loss of data
C:\Users\adria\Dev\Ray-Tracer\src\Renderer\SceneRenderer.cpp(138,23): warning C4056: overflow in floating-point constant arithmetic
C:\Users\adria\Dev\Ray-Tracer\src\Renderer\SceneRenderer.cpp(158,13): warning C4018: '>=': signed/unsigned mismatch
C:\Users\adria\Dev\Ray-Tracer\src\Renderer\SceneRenderer.cpp(250,21): warning C4018: '<': signed/unsigned mismatch
C:\Users\adria\Dev\Ray-Tracer\src\Renderer\SceneRenderer.cpp(252,22): warning C4018: '<': signed/unsigned mismatch
  Sandbox.cpp
  Scene.cpp
C:\Users\adria\Dev\Ray-Tracer\src\Scene\Scene.cpp(26,24): warning C4267: 'return': conversion from 'size_t' to 'int', possible loss of data
C:\Users\adria\Dev\Ray-Tracer\src\Scene\Scene.cpp(46,23): warning C4267: 'return': conversion from 'size_t' to 'int', possible loss of data
C:\Users\adria\Dev\Ray-Tracer\src\Scene\Scene.cpp(114,63): warning C4091: 'static ': ignored on left of 'rayTracer::CubeMap' when no variable is declared
C:\Users\adria\Dev\Ray-Tracer\src\Scene\Scene.cpp(176,24): warning C4244: '=': conversion from 'double' to 'float', possible loss of data
C:\Users\adria\Dev\Ray-Tracer\src\Scene\Scene.cpp(177,24): warning C4244: '=': conversion from 'double' to 'float', possible loss of data
C:\Users\adria\Dev\Ray-Tracer\src\Scene\Scene.cpp(116,9): warning C4101: 't_intersec': unreferenced local variable
C:\Users\adria\Dev\Ray-Tracer\src\Scene\Scene.cpp(227,56): warning C4244: 'argument': conversion from 'double' to 'float', possible loss of data
C:\Users\adria\Dev\Ray-Tracer\src\Scene\Scene.cpp(227,53): warning C4244: 'argument': conversion from 'double' to 'float', possible loss of data
C:\Users\adria\Dev\Ray-Tracer\src\Scene\Scene.cpp(227,46): warning C4244: 'argument': conversion from 'double' to 'float', possible loss of data
C:\Users\adria\Dev\Ray-Tracer\src\Scene\Scene.cpp(227,42): warning C4244: 'argument': conversion from 'double' to 'float', possible loss of data
C:\Users\adria\Dev\Ray-Tracer\src\Scene\Scene.cpp(227,34): warning C4244: 'argument': conversion from 'double' to 'float', possible loss of data
C:\Users\adria\Dev\Ray-Tracer\src\Scene\Scene.cpp(281,24): warning C4018: '<': signed/unsigned mismatch
C:\Users\adria\Dev\Ray-Tracer\src\Scene\Scene.cpp(285,24): warning C4018: '<': signed/unsigned mismatch
C:\Users\adria\Dev\Ray-Tracer\src\Scene\Scene.cpp(348,59): warning C4244: 'argument': conversion from 'double' to 'float', possible loss of data
  Vector.cpp
  SceneLoader.cpp
C:\Users\adria\Dev\Ray-Tracer\src\Scene\SceneLoader.cpp(31,56): warning C4244: 'argument': conversion from 'double' to 'float', possible loss of data
C:\Users\adria\Dev\Ray-Tracer\src\Scene\SceneLoader.cpp(31,53): warning C4244: 'argument': conversion from 'double' to 'float', possible loss of data
C:\Users\adria\Dev\Ray-Tracer\src\Scene\SceneLoader.cpp(31,46): warning C4244: 'argument': conversion from 'double' to 'float', possible loss of data
C:\Users\adria\Dev\Ray-Tracer\src\Scene\SceneLoader.cpp(31,42): warning C4244: 'argument': conversion from 'double' to 'float', possible loss of data
C:\Users\adria\Dev\Ray-Tracer\src\Scene\SceneLoader.cpp(31,34): warning C4244: 'argument': conversion from 'double' to 'float', possible loss of data
C:\Users\adria\Dev\Ray-Tracer\src\Scene\SceneLoader.cpp(85,24): warning C4018: '<': signed/unsigned mismatch
C:\Users\adria\Dev\Ray-Tracer\src\Scene\SceneLoader.cpp(89,24): warning C4018: '<': signed/unsigned mismatch
C:\Users\adria\Dev\Ray-Tracer\src\Scene\SceneLoader.cpp(153,59): warning C4244: 'argument': conversion from 'double' to 'float', possible loss of data
  SceneObject.cpp
C:\Users\adria\Dev\Ray-Tracer\src\Scene\SceneObject.cpp(51,16): warning C4244: 'initializing': conversion from 'double' to 'float', possible loss of data
C:\Users\adria\Dev\Ray-Tracer\src\Scene\SceneObject.cpp(120,11): warning C4244: 'initializing': conversion from 'double' to 'float', possible loss of data
C:\Users\adria\Dev\Ray-Tracer\src\Scene\SceneObject.cpp(122,14): warning C4244: 'initializing': conversion from 'double' to 'float', possible loss of data
C:\Users\adria\Dev\Ray-Tracer\src\Scene\SceneObject.cpp(129,16): warning C4244: '=': conversion from 'double' to 'float', possible loss of data
C:\Users\adria\Dev\Ray-Tracer\src\Scene\SceneObject.cpp(134,16): warning C4244: '=': conversion from 'double' to 'float', possible loss of data
  Generating Code...
  Ray-Tracer.vcxproj -> C:\Users\adria\Dev\Ray-Tracer\x64\Debug\Ray-Tracer.exe
  0 File(s) copied

Project Performance Summary:
     7548 ms  C:\Users\adria\Dev\Ray-Tracer\Ray-Tracer.vcxproj   1 calls
               7548 ms  Build                                      1 calls

Target Performance Summary:
        0 ms  _BuildCompileAction                        1 calls
        0 ms  _Link                                      1 calls
        0 ms  AfterLink                                  1 calls
        0 ms  ComputeLinkImportLibraryOutputsForClean    1 calls
        0 ms  ComputeLinkSwitches                        1 calls
        0 ms  PreLinkEvent                               1 calls
        0 ms  MakeDirsForLink                            1 calls
        0 ms  CreateCustomManifestResourceNames          1 calls
        0 ms  SplitResourcesByCulture                    1 calls
        0 ms  ComputeManifestInputsTargets               1 calls
        0 ms  ComputeLinkInputsFromProject               1 calls
        0 ms  _ALink                                     1 calls
        0 ms  ComputeCLOutputs                           1 calls
        0 ms  ComputeRCGeneratedLinkInputs               1 calls
        0 ms  ComputeRCOutputs                           1 calls
        0 ms  BeforeLink                                 1 calls
        0 ms  BuildLinkTraverse                          1 calls
        0 ms  BuildCompile                               1 calls
        0 ms  AfterBuildCompileEvent                     1 calls
        0 ms  _ResourceCompile                           1 calls
        0 ms  AfterResourceCompile                       1 calls
        0 ms  MakeDirsForResourceCompile                 1 calls
        0 ms  BeforeResourceCompile                      1 calls
        0 ms  ComputeManifestGeneratedLinkerInputs       1 calls
        0 ms  _ClCompile                                 1 calls
        0 ms  _Manifest                                  1 calls
        0 ms  ResolvedXDCMake                            1 calls
        0 ms  AfterBuild                                 1 calls
        0 ms  BuildLink                                  1 calls
        0 ms  _BuildLinkAction                           1 calls
        0 ms  PrepareForRun                              1 calls
        0 ms  _CheckForCompileOutputs                    1 calls
        0 ms  _CopySourceItemsToOutputDirectory          1 calls
        0 ms  _GetCopyToOutputDirectoryItemsFromThisProject   1 calls
        0 ms  _GetCopyToOutputDirectoryItemsFromTransitiveProjectReferences   1 calls
        0 ms  GetCopyToOutputDirectoryXamlAppDefs        1 calls
        0 ms  _PopulateCommonStateForGetCopyToOutputDirectoryItems   1 calls
        0 ms  RegisterOutput                             1 calls
        0 ms  _Deploy                                    1 calls
        0 ms  _GenerateSatelliteAssemblyInputs           1 calls
        0 ms  ContentFilesProjectOutputGroup             1 calls
        0 ms  MakeDirsForFxc                             1 calls
        0 ms  BuiltProjectOutputGroup                    1 calls
        0 ms  _BscMake                                   1 calls
        0 ms  MakeDirsForBscMake                         1 calls
        0 ms  ComputeCLCompileGeneratedSbrFiles          1 calls
        0 ms  _XdcMake                                   1 calls
        0 ms  MakeDirsForXdcMake                         1 calls
        0 ms  ComputeCLCompileGeneratedXDCFiles          1 calls
        0 ms  _Appverifier                               1 calls
        0 ms  AfterClCompile                             1 calls
        0 ms  Build                                      1 calls
        0 ms  SelectClCompile                            1 calls
        0 ms  SelectCustomBuild                          1 calls
        0 ms  _SelectedFiles                             1 calls
        0 ms  PreBuildEvent                              1 calls
        0 ms  BuildGenerateSourcesTraverse               1 calls
        0 ms  ResolveReferences                          1 calls
        0 ms  AfterResolveReferences                     1 calls
        0 ms  ResolveAssemblyReferences                  1 calls
        0 ms  ExpandSDKReferences                        1 calls
        0 ms  ResolveSDKReferences                       1 calls
        0 ms  SetCABuildNativeEnvironmentVariables       1 calls
        0 ms  _CheckWindowsSDKInstalled                  1 calls
        0 ms  GetResolvedWinMD                           1 calls
        0 ms  GetReferenceAssemblyPaths                  1 calls
        0 ms  ResolveProjectReferences                   1 calls
        0 ms  PrepareProjectReferences                   1 calls
        0 ms  _SplitProjectReferencesByFileExistence     1 calls
        0 ms  BeforeResolveReferences                    1 calls
        0 ms  _PrepareForReferenceResolution             1 calls
        0 ms  _PrepareForBuild                           1 calls
        0 ms  CopyFileToFolders                          1 calls
        0 ms  _Xsd                                       1 calls
        0 ms  BeforeBuildGenerateSources                 1 calls
        0 ms  ComputeCLInputPDBName                      1 calls
        0 ms  BuildGenerateSources                       1 calls
        0 ms  _BuildGenerateSourcesAction                1 calls
        0 ms  AfterBuildGenerateSourcesEvent             1 calls
        0 ms  MakeDirsForMidl                            1 calls
        0 ms  AfterBuildGenerateSources                  1 calls
        0 ms  GetReferencedVCProjectsInfo                1 calls
        0 ms  BuildCompileTraverse                       1 calls
        0 ms  _Midl                                      1 calls
        0 ms  AfterMidl                                  1 calls
        0 ms  ComputeReferenceCLInput                    1 calls
        0 ms  MakeDirsForCl                              1 calls
        0 ms  BeforeClCompile                            1 calls
        0 ms  ComputeMIDLGeneratedCompileInputs          1 calls
        0 ms  FindReferenceAssembliesForReferences       1 calls
        1 ms  PrepareResourceNames                       1 calls
        1 ms  ComputeCLGeneratedLinkInputs               1 calls
        1 ms  SatelliteDllsProjectOutputGroup            1 calls
        1 ms  _CheckForInvalidConfigurationAndPlatform   1 calls
        1 ms  _GetProjectReferenceTargetFrameworkProperties   1 calls
        1 ms  FinalizeBuildStatus                        1 calls
        1 ms  SetTelemetryEnvironmentVariables           1 calls
        1 ms  SetBuildDefaultEnvironmentVariables        1 calls
        1 ms  DoLinkOutputFilesMatch                     1 calls
        1 ms  CreateSatelliteAssemblies                  1 calls
        1 ms  CreateRecipeFile                           1 calls
        1 ms  CustomBuild                                1 calls
        1 ms  GetFrameworkPaths                          1 calls
        1 ms  ComputeCustomBuildOutput                   1 calls
        1 ms  IncrementalClean                           1 calls
        1 ms  AssignProjectConfiguration                 1 calls
        1 ms  ComputeLegacyManifestEmbedding             1 calls
        1 ms  GetCopyToOutputDirectoryItems              1 calls
        2 ms  _CleanGetCurrentAndPriorFileWrites         1 calls
        2 ms  WarnCompileDuplicatedFilename              1 calls
        3 ms  InitializeBuildStatus                      1 calls
        4 ms  PrepareForBuild                            1 calls
        4 ms  AssignTargetPaths                          1 calls
        6 ms  CopyFilesToOutputDirectory                 1 calls
        7 ms  FixupCLCompileOptions                      1 calls
       78 ms  PostBuildEvent                             1 calls
      426 ms  Link                                       1 calls
     6991 ms  ClCompile                                  1 calls

Task Performance Summary:
        0 ms  Message                                    3 calls
        0 ms  ConvertToAbsolutePath                      1 calls
        0 ms  CreateItem                                 2 calls
        0 ms  AssignCulture                              1 calls
        0 ms  RemoveDuplicates                           2 calls
        0 ms  AssignTargetPath                           7 calls
        0 ms  AssignProjectConfiguration                 1 calls
        0 ms  SetEnv                                     8 calls
        0 ms  CheckVCToolsetVersion                      1 calls
        0 ms  Delete                                     2 calls
        1 ms  MSBuild                                    1 calls
        1 ms  FindUnderPath                              5 calls
        1 ms  GenerateDesktopDeployRecipe                1 calls
        1 ms  GetOutOfDateItems                          3 calls
        1 ms  MakeDir                                   10 calls
        1 ms  WriteLinesToFile                           1 calls
        1 ms  CallTarget                                 2 calls
        2 ms  Touch                                      2 calls
        2 ms  ReadLinesFromFile                          2 calls
        4 ms  Copy                                       1 calls
       78 ms  Exec                                       1 calls
      424 ms  Link                                       1 calls
     6990 ms  CL                                         1 calls
